[debug] [2022-12-19T16:40:50.155Z] ----------------------------------------------------------------------
[debug] [2022-12-19T16:40:50.156Z] Command:       /Users/derek/.nvm/versions/node/v16.14.0/bin/node /Users/derek/.nvm/versions/node/v16.14.0/bin/firebase init
[debug] [2022-12-19T16:40:50.157Z] CLI Version:   11.18.0
[debug] [2022-12-19T16:40:50.157Z] Platform:      darwin
[debug] [2022-12-19T16:40:50.157Z] Node Version:  v16.14.0
[debug] [2022-12-19T16:40:50.157Z] Time:          Mon Dec 19 2022 10:40:50 GMT-0600 (Central Standard Time)
[debug] [2022-12-19T16:40:50.158Z] ----------------------------------------------------------------------
[debug] 
[debug] [2022-12-19T16:40:50.160Z] > command requires scopes: ["email","openid","https://www.googleapis.com/auth/cloudplatformprojects.readonly","https://www.googleapis.com/auth/firebase","https://www.googleapis.com/auth/cloud-platform"]
[debug] [2022-12-19T16:40:50.160Z] > authorizing via signed-in user (derek.mcenroe@gmail.com)
[info] 
     ######## #### ########  ######## ########     ###     ######  ########
     ##        ##  ##     ## ##       ##     ##  ##   ##  ##       ##
     ######    ##  ########  ######   ########  #########  ######  ######
     ##        ##  ##    ##  ##       ##     ## ##     ##       ## ##
     ##       #### ##     ## ######## ########  ##     ##  ######  ########

You're about to initialize a Firebase project in this directory:

  /Users/derek/fullstack/async-week/character-planner

[info] 
=== Project Setup
[info] 
[info] First, let's associate this project directory with a Firebase project.
[info] You can create multiple project aliases by running firebase use --add, 
[info] but for now we'll just set up a default project.
[info] 
[debug] [2022-12-19T16:41:06.943Z] >>> [apiv2][query] GET https://firebase.googleapis.com/v1beta1/projects pageSize=100
[debug] [2022-12-19T16:41:07.246Z] <<< [apiv2][status] GET https://firebase.googleapis.com/v1beta1/projects 200
[debug] [2022-12-19T16:41:07.247Z] <<< [apiv2][body] GET https://firebase.googleapis.com/v1beta1/projects [omitted]
[info] i  Using project character-planner-1f504 (character-planner) 
[info] 
=== Hosting Setup
[info] 
[info] Your public directory is the folder (relative to your project directory) that
[info] will contain Hosting assets to be uploaded with firebase deploy. If you
[info] have a build process for your assets, use your build's output directory.
[info] 
[debug] [2022-12-19T16:42:24.570Z] >>> [apiv2][query] GET https://www.gstatic.com/firebasejs/releases.json [none]
[debug] [2022-12-19T16:42:24.659Z] <<< [apiv2][status] GET https://www.gstatic.com/firebasejs/releases.json 200
[debug] [2022-12-19T16:42:24.659Z] <<< [apiv2][body] GET https://www.gstatic.com/firebasejs/releases.json {"current":{"version":"9.15.0","browserURL":"https://www.gstatic.com/firebasejs/9.15.0/firebase.js","packageURL":"https://www.gstatic.com/firebasejs/9.15.0/firebase.tgz"},"live":{"version":"9.15","browserURL":"https://www.gstatic.com/firebasejs/live/9.15/firebase.js","packageURL":"https://www.gstatic.com/firebasejs/live/9.15/firebase.tgz"},"components":{"analytics":"https://www.gstatic.com/firebasejs/9.15.0/firebase-analytics.js","app":"https://www.gstatic.com/firebasejs/9.15.0/firebase-app.js","app-check":"https://www.gstatic.com/firebasejs/9.15.0/firebase-app-check.js","auth":"https://www.gstatic.com/firebasejs/9.15.0/firebase-auth.js","auth/cordova":"https://www.gstatic.com/firebasejs/9.15.0/firebase-auth/cordova.js","auth/react-native":"https://www.gstatic.com/firebasejs/9.15.0/firebase-auth/react-native.js","functions":"https://www.gstatic.com/firebasejs/9.15.0/firebase-functions.js","firestore":"https://www.gstatic.com/firebasejs/9.15.0/firebase-firestore.js","firestore/lite":"https://www.gstatic.com/firebasejs/9.15.0/firebase-firestore/lite.js","installations":"https://www.gstatic.com/firebasejs/9.15.0/firebase-installations.js","storage":"https://www.gstatic.com/firebasejs/9.15.0/firebase-storage.js","performance":"https://www.gstatic.com/firebasejs/9.15.0/firebase-performance.js","remote-config":"https://www.gstatic.com/firebasejs/9.15.0/firebase-remote-config.js","messaging":"https://www.gstatic.com/firebasejs/9.15.0/firebase-messaging.js","messaging/sw":"https://www.gstatic.com/firebasejs/9.15.0/firebase-messaging/sw.js","database":"https://www.gstatic.com/firebasejs/9.15.0/firebase-database.js","firestore.memory":"https://www.gstatic.com/firebasejs/9.15.0/firebase-firestore.memory.js"}}
[info] ✔  Wrote public/index.html 
[info] 
[info] i  Detected a .git folder at /Users/derek/fullstack/async-week/character-planner 
[info] i  Authorizing with GitHub to upload your service account to a GitHub repository's secrets store. 
[info] 
[info] Visit this URL on this device to log in:
[info] https://github.com/login/oauth/authorize?client_id=89cf50f02ac6aaed3484&state=680092282&redirect_uri=http%3A%2F%2Flocalhost%3A9005&scope=read%3Auser%20repo%20public_repo
[info] 
[info] Waiting for authentication...
[debug] [2022-12-19T16:42:49.555Z] >>> [apiv2][query] POST https://github.com/login/oauth/access_token [none]
[debug] [2022-12-19T16:42:49.555Z] >>> [apiv2][body] POST https://github.com/login/oauth/access_token [stream]
[debug] [2022-12-19T16:42:49.837Z] <<< [apiv2][status] POST https://github.com/login/oauth/access_token 200
[debug] [2022-12-19T16:42:49.837Z] <<< [apiv2][body] POST https://github.com/login/oauth/access_token {"access_token":"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","token_type":"bearer","scope":"read:user,repo"}
[debug] [2022-12-19T16:42:49.848Z] >>> [apiv2][query] GET https://api.github.com/user [none]
[debug] [2022-12-19T16:42:50.121Z] <<< [apiv2][status] GET https://api.github.com/user 200
[debug] [2022-12-19T16:42:50.121Z] <<< [apiv2][body] GET https://api.github.com/user {"login":"dmcenroe","id":100488235,"node_id":"U_kgDOBf1UKw","avatar_url":"https://avatars.githubusercontent.com/u/100488235?v=4","gravatar_id":"","url":"https://api.github.com/users/dmcenroe","html_url":"https://github.com/dmcenroe","followers_url":"https://api.github.com/users/dmcenroe/followers","following_url":"https://api.github.com/users/dmcenroe/following{/other_user}","gists_url":"https://api.github.com/users/dmcenroe/gists{/gist_id}","starred_url":"https://api.github.com/users/dmcenroe/starred{/owner}{/repo}","subscriptions_url":"https://api.github.com/users/dmcenroe/subscriptions","organizations_url":"https://api.github.com/users/dmcenroe/orgs","repos_url":"https://api.github.com/users/dmcenroe/repos","events_url":"https://api.github.com/users/dmcenroe/events{/privacy}","received_events_url":"https://api.github.com/users/dmcenroe/received_events","type":"User","site_admin":false,"name":"Derek","company":null,"blog":"","location":null,"email":null,"hireable":null,"bio":null,"twitter_username":null,"public_repos":8,"public_gists":0,"followers":0,"following":0,"created_at":"2022-02-26T18:32:58Z","updated_at":"2022-10-22T21:14:02Z","private_gists":0,"total_private_repos":52,"owned_private_repos":1,"disk_usage":6384,"collaborators":0,"two_factor_authentication":false,"plan":{"name":"free","space":976562499,"collaborators":0,"private_repos":10000}}
[info] 
[info] ✔  Success! Logged into GitHub as dmcenroe 
[info] 
